<?xml version="1.0" encoding="UTF-8" ?>
<testsuites>
  <testsuite errors="0" failures="0" hostname="N12275D1" id="0" name="AddFollow_Friends" package="" tests="1" time="83.0" timestamp="20160825 16:32:37">
    <testcase classname="ckt.Testcase.FriendsCase" name="1472113824236_1_1" time="83.0" />

  </testsuite>
  <testsuite errors="0" failures="0" hostname="N12275D1" id="1" name="AddFollow_Friends" package="" tests="1" time="83.0" timestamp="20160825 16:32:37">
    <testcase classname="ckt.Testcase.FriendsCase" name="1472113824236_1_1" time="83.0" />

  </testsuite>
</testsuites>
